\BOOKMARK [0][]{Doc-Start}{\376\377\000R\000e\000m\000e\000r\000c\000i\000e\000m\000e\000n\000t\000s}{}% 1
\BOOKMARK [0][]{Doc-Start}{\376\377\000L\000i\000s\000t\000e\000\040\000d\000e\000s\000\040\000F\000i\000g\000u\000r\000e\000s}{}% 2
\BOOKMARK [0][]{Doc-Start}{\376\377\000L\000i\000s\000t\000e\000\040\000d\000e\000s\000\040\000T\000a\000b\000l\000e\000a\000u\000x}{}% 3
\BOOKMARK [0][]{Doc-Start}{\376\377\000L\000i\000s\000t\000e\000\040\000d\000e\000s\000\040\000A\000b\000r\000\351\000v\000i\000a\000t\000i\000o\000n\000s}{}% 4
\BOOKMARK [0][]{table.0.1}{\376\377\000I\000n\000t\000r\000o\000d\000u\000c\000t\000i\000o\000n\000\040\000G\000\351\000n\000\351\000r\000a\000l\000e}{}% 5
\BOOKMARK [0][]{chapter.1}{\376\377\0001\000\040\000C\000a\000d\000r\000e\000\040\000G\000\351\000n\000\351\000r\000a\000l\000\040\000d\000u\000\040\000P\000r\000o\000j\000e\000t}{}% 6
\BOOKMARK [1][]{section.1.1}{\376\377\0001\000.\0001\000\040\000O\000r\000g\000a\000n\000i\000s\000m\000e\000\040\000d\000'\000a\000c\000c\000u\000e\000i\000l}{chapter.1}% 7
\BOOKMARK [2][]{subsection.1.1.1}{\376\377\0001\000.\0001\000.\0001\000\040\000P\000r\000\351\000s\000e\000n\000t\000a\000t\000i\000o\000n\000\040\000d\000e\000\040\000l\000a\000\040\000B\000T\000E}{section.1.1}% 8
\BOOKMARK [2][]{subsection.1.1.2}{\376\377\0001\000.\0001\000.\0002\000\040\000O\000r\000g\000a\000n\000i\000g\000r\000a\000m\000m\000e\000\040\000d\000e\000\040\000l\000a\000\040\000B\000T\000E}{section.1.1}% 9
\BOOKMARK [1][]{section.1.2}{\376\377\0001\000.\0002\000\040\000C\000o\000m\000p\000r\000\351\000h\000e\000n\000s\000i\000o\000n\000\040\000d\000u\000\040\000m\000\351\000t\000i\000e\000r\000\040\000K\000Y\000C}{chapter.1}% 10
\BOOKMARK [2][]{subsection.1.2.1}{\376\377\0001\000.\0002\000.\0001\000\040\000K\000Y\000C\000\040\000t\000r\000a\000d\000i\000t\000i\000o\000n\000n\000e\000l\000\040\000v\000s\000\040\000K\000Y\000C\000\040\000a\000u\000t\000o\000m\000a\000t\000i\000s\000\351}{section.1.2}% 11
\BOOKMARK [2][]{subsection.1.2.2}{\376\377\0001\000.\0002\000.\0002\000\040\000C\000a\000d\000r\000e\000\040\000r\000\351\000g\000l\000e\000m\000e\000n\000t\000a\000i\000r\000e\000\040\000e\000t\000\040\000n\000o\000r\000m\000a\000t\000i\000f}{section.1.2}% 12
\BOOKMARK [1][]{section.1.3}{\376\377\0001\000.\0003\000\040\000P\000o\000s\000i\000t\000i\000o\000n\000\040\000d\000u\000\040\000p\000r\000o\000b\000l\000\350\000m\000e}{chapter.1}% 13
\BOOKMARK [2][]{subsection.1.3.1}{\376\377\0001\000.\0003\000.\0001\000\040\000K\000Y\000C\000\040\000i\000n\000t\000e\000r\000n\000e\000\040\000d\000e\000\040\000l\000a\000\040\000B\000T\000E\000\040\000e\000t\000\040\000a\000n\000a\000l\000y\000s\000e\000\040\000c\000r\000i\000t\000i\000q\000u\000e}{section.1.3}% 14
\BOOKMARK [2][]{subsection.1.3.2}{\376\377\0001\000.\0003\000.\0002\000\040\000S\000o\000l\000u\000t\000i\000o\000n\000s\000\040\000K\000Y\000C\000\040\000c\000o\000m\000m\000e\000r\000c\000i\000a\000l\000e\000s\000\040\000e\000t\000\040\000l\000e\000u\000r\000s\000\040\000l\000i\000m\000i\000t\000e\000s}{section.1.3}% 15
\BOOKMARK [2][]{subsection.1.3.3}{\376\377\0001\000.\0003\000.\0003\000\040\000P\000r\000o\000b\000l\000\351\000m\000a\000t\000i\000q\000u\000e\000\040}{section.1.3}% 16
\BOOKMARK [2][]{subsection.1.3.4}{\376\377\0001\000.\0003\000.\0004\000\040\000S\000o\000l\000u\000t\000i\000o\000n\000\040\000p\000r\000o\000p\000o\000s\000\351\000e}{section.1.3}% 17
\BOOKMARK [1][]{section.1.4}{\376\377\0001\000.\0004\000\040\000M\000\351\000t\000h\000o\000d\000o\000l\000o\000g\000i\000e\000\040\000a\000d\000o\000p\000t\000\351\000e\000\040}{chapter.1}% 18
\BOOKMARK [2][]{subsection.1.4.1}{\376\377\0001\000.\0004\000.\0001\000\040\000M\000o\000d\000\350\000l\000e\000\040\000i\000n\000c\000r\000\351\000m\000e\000n\000t\000a\000l}{section.1.4}% 19
\BOOKMARK [2][]{subsection.1.4.2}{\376\377\0001\000.\0004\000.\0002\000\040\000C\000R\000I\000S\000P\000-\000M\000L\000\050\000Q\000\051}{section.1.4}% 20
\BOOKMARK [2][]{subsection.1.4.3}{\376\377\0001\000.\0004\000.\0003\000\040\000M\000o\000d\000\350\000l\000e\000\040\000e\000n\000\040\000c\000a\000s\000c\000a\000d\000e}{section.1.4}% 21
\BOOKMARK [2][]{subsection.1.4.4}{\376\377\0001\000.\0004\000.\0004\000\040\000P\000l\000a\000n\000i\000f\000i\000c\000a\000t\000i\000o\000n\000\040\000g\000l\000o\000b\000a\000l\000e\000\040\000d\000u\000\040\000p\000r\000o\000j\000e\000t}{section.1.4}% 22
\BOOKMARK [0][]{chapter.2}{\376\377\0002\000\040\000S\000p\000\351\000c\000i\000f\000i\000c\000a\000t\000i\000o\000n\000\040\000d\000e\000s\000\040\000B\000e\000s\000o\000i\000n\000s\000\040\000e\000t\000\040\000A\000r\000c\000h\000i\000t\000e\000c\000t\000u\000r\000e}{}% 23
\BOOKMARK [1][]{section.2.1}{\376\377\0002\000.\0001\000\040\000S\000p\000\351\000c\000i\000f\000i\000c\000a\000t\000i\000o\000n\000\040\000d\000e\000s\000\040\000b\000e\000s\000o\000i\000n\000s}{chapter.2}% 24
\BOOKMARK [2][]{subsection.2.1.1}{\376\377\0002\000.\0001\000.\0001\000\040\000I\000d\000e\000n\000t\000i\000f\000i\000c\000a\000t\000i\000o\000n\000\040\000d\000e\000s\000\040\000a\000c\000t\000e\000u\000r\000s}{section.2.1}% 25
\BOOKMARK [2][]{subsection.2.1.2}{\376\377\0002\000.\0001\000.\0002\000\040\000B\000e\000s\000o\000i\000n\000s\000\040\000f\000o\000n\000c\000t\000i\000o\000n\000n\000e\000l\000s}{section.2.1}% 26
\BOOKMARK [2][]{subsection.2.1.3}{\376\377\0002\000.\0001\000.\0003\000\040\000B\000e\000s\000o\000i\000n\000s\000\040\000n\000o\000n\000\040\000f\000o\000n\000c\000t\000i\000o\000n\000n\000e\000l\000s}{section.2.1}% 27
\BOOKMARK [1][]{section.2.2}{\376\377\0002\000.\0002\000\040\000A\000r\000c\000h\000i\000t\000e\000c\000t\000u\000r\000e\000\040\000g\000l\000o\000b\000a\000l\000e\000\040\000d\000e\000\040\000l\000a\000\040\000s\000o\000l\000u\000t\000i\000o\000n}{chapter.2}% 28
\BOOKMARK [2][]{subsection.2.2.1}{\376\377\0002\000.\0002\000.\0001\000\040\000A\000r\000c\000h\000i\000t\000e\000c\000t\000u\000r\000e\000\040\000l\000o\000g\000i\000q\000u\000e}{section.2.2}% 29
\BOOKMARK [2][]{subsection.2.2.2}{\376\377\0002\000.\0002\000.\0002\000\040\000A\000r\000c\000h\000i\000t\000e\000c\000t\000u\000r\000e\000\040\000p\000h\000y\000s\000i\000q\000u\000e}{section.2.2}% 30
\BOOKMARK [1][]{section.2.3}{\376\377\0002\000.\0003\000\040\000D\000i\000a\000g\000r\000a\000m\000m\000e\000\040\000d\000e\000\040\000c\000a\000s\000\040\000d\000'\000u\000t\000i\000l\000i\000s\000a\000t\000i\000o\000n\000\040\000g\000l\000o\000b\000a\000l}{chapter.2}% 31
\BOOKMARK [2][]{subsection.2.3.1}{\376\377\0002\000.\0003\000.\0001\000\040\000D\000e\000s\000c\000r\000i\000p\000t\000i\000o\000n\000\040\000d\000e\000s\000\040\000c\000a\000s\000\040\000d\000'\000u\000t\000i\000l\000i\000s\000a\000t\000i\000o\000n}{section.2.3}% 32
\BOOKMARK [-1][]{table.2.6}{\376\377\000I\000n\000c\000r\000\351\000m\000e\000n\000t\000\040\0001\000\040\000:\000\040\000F\000o\000n\000d\000e\000m\000e\000n\000t\000s\000\040\000I\000A\000\040\000e\000t\000\040\000R\000\351\000a\000l\000i\000s\000a\000t\000i\000o\000n\000\040\000d\000u\000\040\000P\000i\000p\000e\000l\000i\000n\000e}{}% 33
\BOOKMARK [0][]{chapter.3}{\376\377\0003\000\040\000F\000o\000n\000d\000e\000m\000e\000n\000t\000s\000\040\000T\000h\000\351\000o\000r\000i\000q\000u\000e\000s\000\040\000e\000t\000\040\000C\000h\000o\000i\000x\000\040\000T\000e\000c\000h\000n\000o\000l\000o\000g\000i\000q\000u\000e\000s}{table.2.6}% 34
\BOOKMARK [1][]{section.3.1}{\376\377\0003\000.\0001\000\040\000F\000o\000n\000d\000e\000m\000e\000n\000t\000s\000\040\000t\000h\000\351\000o\000r\000i\000q\000u\000e\000s}{chapter.3}% 35
\BOOKMARK [2][]{subsection.3.1.1}{\376\377\0003\000.\0001\000.\0001\000\040\000I\000n\000t\000e\000l\000l\000i\000g\000e\000n\000c\000e\000\040\000a\000r\000t\000i\000f\000i\000c\000i\000e\000l\000l\000e\000,\000\040\000m\000a\000c\000h\000i\000n\000e\000\040\000l\000e\000a\000r\000n\000i\000n\000g\000\040\000e\000t\000\040\000d\000e\000e\000p\000\040\000l\000e\000a\000r\000n\000i\000n\000g}{section.3.1}% 36
\BOOKMARK [2][]{subsection.3.1.2}{\376\377\0003\000.\0001\000.\0002\000\040\000V\000i\000s\000i\000o\000n\000\040\000p\000a\000r\000\040\000o\000r\000d\000i\000n\000a\000t\000e\000u\000r\000\040\000e\000t\000\040\000r\000\351\000s\000e\000a\000u\000x\000\040\000d\000e\000\040\000n\000e\000u\000r\000o\000n\000e\000s}{section.3.1}% 37
\BOOKMARK [2][]{subsection.3.1.3}{\376\377\0003\000.\0001\000.\0003\000\040\000D\000\351\000t\000e\000c\000t\000i\000o\000n\000\040\000d\000'\000o\000b\000j\000e\000t\000s}{section.3.1}% 38
\BOOKMARK [2][]{subsection.3.1.4}{\376\377\0003\000.\0001\000.\0004\000\040\000R\000e\000c\000o\000n\000n\000a\000i\000s\000s\000a\000n\000c\000e\000\040\000o\000p\000t\000i\000q\000u\000e\000\040\000d\000e\000\040\000c\000a\000r\000a\000c\000t\000\350\000r\000e\000s\000\040\000\050\000O\000C\000R\000\051}{section.3.1}% 39
\BOOKMARK [1][]{section.3.2}{\376\377\0003\000.\0002\000\040\000C\000h\000o\000i\000x\000\040\000t\000e\000c\000h\000n\000o\000l\000o\000g\000i\000q\000u\000e\000s}{chapter.3}% 40
\BOOKMARK [2][]{subsection.3.2.1}{\376\377\0003\000.\0002\000.\0001\000\040\000M\000o\000d\000\350\000l\000e\000\040\000d\000e\000\040\000d\000\351\000t\000e\000c\000t\000i\000o\000n\000\040\000:\000\040\000Y\000O\000L\000O\0001\0001\000m}{section.3.2}% 41
\BOOKMARK [2][]{subsection.3.2.2}{\376\377\0003\000.\0002\000.\0002\000\040\000M\000o\000t\000e\000u\000r\000\040\000O\000C\000R\000\040\000:\000\040\000P\000a\000d\000d\000l\000e\000O\000C\000R\000\040\000P\000P\000-\000O\000C\000R\000v\0005}{section.3.2}% 42
\BOOKMARK [0][]{chapter.4}{\376\377\0004\000\040\000R\000\351\000a\000l\000i\000s\000a\000t\000i\000o\000n\000\040\000d\000u\000\040\000M\000o\000d\000u\000l\000e\000\040\000I\000A}{table.2.6}% 43
\BOOKMARK [1][]{section.4.1}{\376\377\0004\000.\0001\000\040\000B\000u\000s\000i\000n\000e\000s\000s\000\040\000u\000n\000d\000e\000r\000s\000t\000a\000n\000d\000i\000n\000g\000,\000\040\000d\000a\000t\000a\000\040\000u\000n\000d\000e\000r\000s\000t\000a\000n\000d\000i\000n\000g\000\040\000\046\000\040\000c\000o\000l\000l\000e\000c\000t\000e}{chapter.4}% 44
\BOOKMARK [2][]{subsection.4.1.1}{\376\377\0004\000.\0001\000.\0001\000\040\000P\000i\000p\000e\000l\000i\000n\000e\000\040\000m\000\351\000t\000i\000e\000r\000\040\000d\000u\000\040\000s\000y\000s\000t\000\350\000m\000e\000\040\000I\000A}{section.4.1}% 45
\BOOKMARK [2][]{subsection.4.1.2}{\376\377\0004\000.\0001\000.\0002\000\040\000A\000n\000a\000l\000y\000s\000e\000\040\000d\000e\000s\000\040\000b\000e\000s\000o\000i\000n\000s\000\040\000d\000o\000c\000u\000m\000e\000n\000t\000a\000i\000r\000e\000s}{section.4.1}% 46
\BOOKMARK [2][]{subsection.4.1.3}{\376\377\0004\000.\0001\000.\0003\000\040\000C\000o\000l\000l\000e\000c\000t\000e\000\040\000e\000t\000\040\000c\000o\000m\000p\000o\000s\000i\000t\000i\000o\000n\000\040\000d\000u\000\040\000d\000a\000t\000a\000s\000e\000t}{section.4.1}% 47
\BOOKMARK [1][]{section.4.2}{\376\377\0004\000.\0002\000\040\000P\000r\000\351\000p\000a\000r\000a\000t\000i\000o\000n\000\040\000d\000e\000s\000\040\000d\000o\000n\000n\000\351\000e\000s\000\040\000\050\000i\000n\000g\000\351\000n\000i\000e\000r\000i\000e\000\040\000d\000e\000s\000\040\000d\000o\000n\000n\000\351\000e\000s\000\051}{chapter.4}% 48
\BOOKMARK [2][]{subsection.4.2.1}{\376\377\0004\000.\0002\000.\0001\000\040\000R\000e\000s\000t\000a\000u\000r\000a\000t\000i\000o\000n\000\040\000e\000t\000\040\000g\000\351\000n\000\351\000r\000a\000t\000i\000o\000n\000\040\000d\000e\000\040\000d\000o\000n\000n\000\351\000e\000s}{section.4.2}% 49
\BOOKMARK [2][]{subsection.4.2.2}{\376\377\0004\000.\0002\000.\0002\000\040\000L\000a\000b\000e\000l\000l\000i\000s\000a\000t\000i\000o\000n\000\040\000:\000\040\000c\000o\000n\000s\000t\000r\000u\000c\000t\000i\000o\000n\000\040\000d\000e\000\040\000l\000a\000\040\000v\000\351\000r\000i\000t\000\351\000\040\000t\000e\000r\000r\000a\000i\000n}{section.4.2}% 50
\BOOKMARK [2][]{subsection.4.2.3}{\376\377\0004\000.\0002\000.\0003\000\040\000A\000u\000g\000m\000e\000n\000t\000a\000t\000i\000o\000n\000\040\000c\000o\000n\000t\000r\000\364\000l\000\351\000e\000\040\000:\000\040\000s\000i\000m\000u\000l\000a\000t\000i\000o\000n\000\040\000d\000e\000\040\000l\000a\000\040\000v\000a\000r\000i\000a\000b\000i\000l\000i\000t\000\351\000\040\000r\000\351\000e\000l\000l\000e}{section.4.2}% 51
\BOOKMARK [2][]{subsection.4.2.4}{\376\377\0004\000.\0002\000.\0004\000\040\000S\000p\000l\000i\000t\000\040\000f\000i\000n\000a\000l\000\040\000:\000\040\000e\000n\000t\000r\000a\000\356\000n\000e\000m\000e\000n\000t\000\040\000/\000\040\000v\000a\000l\000i\000d\000a\000t\000i\000o\000n\000\040\000/\000\040\000t\000e\000s\000t}{section.4.2}% 52
\BOOKMARK [1][]{section.4.3}{\376\377\0004\000.\0003\000\040\000M\000o\000d\000\351\000l\000i\000s\000a\000t\000i\000o\000n}{chapter.4}% 53
\BOOKMARK [2][]{subsection.4.3.1}{\376\377\0004\000.\0003\000.\0001\000\040\000A\000r\000c\000h\000i\000t\000e\000c\000t\000u\000r\000e\000\040\000g\000l\000o\000b\000a\000l\000e\000\040\000d\000u\000\040\000s\000y\000s\000t\000\350\000m\000e\000\040\000I\000A}{section.4.3}% 54
\BOOKMARK [2][]{subsection.4.3.2}{\376\377\0004\000.\0003\000.\0002\000\040\000P\000a\000r\000a\000m\000\350\000t\000r\000e\000s\000\040\000d\000'\000e\000n\000t\000r\000a\000\356\000n\000e\000m\000e\000n\000t\000\040\000Y\000O\000L\000O\000\040\040\024\000\040\000r\000\351\000f\000\351\000r\000e\000n\000t\000i\000e\000l}{section.4.3}% 55
\BOOKMARK [2][]{subsection.4.3.3}{\376\377\0004\000.\0003\000.\0003\000\040\000D\000\351\000t\000e\000c\000t\000i\000o\000n\000\040\000d\000e\000\040\000p\000r\000\351\000s\000e\000n\000c\000e\000\040\000d\000u\000\040\000d\000o\000c\000u\000m\000e\000n\000t\000\040\040\024\000\040\000Y\000O\000L\000O\000v\0008\000n}{section.4.3}% 56
\BOOKMARK [2][]{subsection.4.3.4}{\376\377\0004\000.\0003\000.\0004\000\040\000D\000\351\000t\000e\000c\000t\000i\000o\000n\000\040\000d\000e\000s\000\040\000c\000h\000a\000m\000p\000s\000\040\000t\000e\000x\000t\000e\000\040\040\024\000\040\000Y\000O\000L\000O\000v\0001\0001\000m}{section.4.3}% 57
\BOOKMARK [2][]{subsection.4.3.5}{\376\377\0004\000.\0003\000.\0005\000\040\000E\000x\000t\000r\000a\000c\000t\000i\000o\000n\000\040\000t\000e\000x\000t\000e\000\040\040\024\000\040\000P\000a\000d\000d\000l\000e\000O\000C\000R\000\040\000P\000P\000-\000O\000C\000R\000v\0005}{section.4.3}% 58
\BOOKMARK [2][]{subsection.4.3.6}{\376\377\0004\000.\0003\000.\0006\000\040\000C\000o\000n\000f\000i\000g\000u\000r\000a\000t\000i\000o\000n\000\040\000m\000a\000t\000\351\000r\000i\000e\000l\000l\000e\000\040\000e\000t\000\040\000e\000n\000v\000i\000r\000o\000n\000n\000e\000m\000e\000n\000t}{section.4.3}% 59
\BOOKMARK [1][]{section.4.4}{\376\377\0004\000.\0004\000\040\000\311\000v\000a\000l\000u\000a\000t\000i\000o\000n\000\040\000e\000t\000\040\000a\000s\000s\000u\000r\000a\000n\000c\000e\000\040\000q\000u\000a\000l\000i\000t\000\351}{chapter.4}% 60
\BOOKMARK [2][]{subsection.4.4.1}{\376\377\0004\000.\0004\000.\0001\000\040\000A\000n\000a\000l\000y\000s\000e\000\040\000d\000e\000s\000\040\000c\000o\000u\000r\000b\000e\000s\000\040\000d\000'\000e\000n\000t\000r\000a\000\356\000n\000e\000m\000e\000n\000t}{section.4.4}% 61
\BOOKMARK [2][]{subsection.4.4.2}{\376\377\0004\000.\0004\000.\0002\000\040\000\311\000v\000a\000l\000u\000a\000t\000i\000o\000n\000\040\000d\000e\000\040\000Y\000O\000L\000O\000v\0001\0001\000m\000\040\000s\000u\000r\000\040\000l\000e\000\040\000j\000e\000u\000\040\000d\000e\000\040\000t\000e\000s\000t}{section.4.4}% 62
\BOOKMARK [2][]{subsection.4.4.3}{\376\377\0004\000.\0004\000.\0003\000\040\000M\000\351\000t\000r\000i\000q\000u\000e\000s\000\040\000d\000'\000\351\000v\000a\000l\000u\000a\000t\000i\000o\000n\000\040\000d\000u\000\040\000p\000i\000p\000e\000l\000i\000n\000e\000\040\000O\000C\000R}{section.4.4}% 63
\BOOKMARK [2][]{subsection.4.4.4}{\376\377\0004\000.\0004\000.\0004\000\040\000R\000\351\000s\000u\000l\000t\000a\000t\000s\000\040\000p\000a\000r\000\040\000t\000y\000p\000e\000\040\000d\000e\000\040\000d\000o\000c\000u\000m\000e\000n\000t}{section.4.4}% 64
\BOOKMARK [2][]{subsection.4.4.5}{\376\377\0004\000.\0004\000.\0005\000\040\000S\000y\000n\000t\000h\000\350\000s\000e\000\040\000c\000o\000m\000p\000a\000r\000a\000t\000i\000v\000e}{section.4.4}% 65
\BOOKMARK [2][]{subsection.4.4.6}{\376\377\0004\000.\0004\000.\0006\000\040\000A\000n\000a\000l\000y\000s\000e\000\040\000q\000u\000a\000l\000i\000t\000a\000t\000i\000v\000e\000\040\000d\000e\000s\000\040\000e\000r\000r\000e\000u\000r\000s}{section.4.4}% 66
\BOOKMARK [1][]{section.4.5}{\376\377\0004\000.\0005\000\040\000D\000\351\000p\000l\000o\000i\000e\000m\000e\000n\000t\000\040\000e\000t\000\040\000i\000n\000t\000\351\000g\000r\000a\000t\000i\000o\000n}{chapter.4}% 67
\BOOKMARK [1][]{section.4.6}{\376\377\0004\000.\0006\000\040\000S\000u\000r\000v\000e\000i\000l\000l\000a\000n\000c\000e\000\040\000e\000t\000\040\000m\000a\000i\000n\000t\000e\000n\000a\000n\000c\000e}{chapter.4}% 68
\BOOKMARK [2][]{subsection.4.6.1}{\376\377\0004\000.\0006\000.\0001\000\040\000S\000u\000r\000v\000e\000i\000l\000l\000a\000n\000c\000e\000\040\000d\000e\000s\000\040\000m\000o\000d\000\350\000l\000e\000s\000\040\000I\000A\000\040\000e\000n\000\040\000p\000r\000o\000d\000u\000c\000t\000i\000o\000n}{section.4.6}% 69
\BOOKMARK [2][]{subsection.4.6.2}{\376\377\0004\000.\0006\000.\0002\000\040\000S\000t\000r\000a\000t\000\351\000g\000i\000e\000\040\000d\000e\000\040\000m\000a\000i\000n\000t\000e\000n\000a\000n\000c\000e\000\040\000e\000t\000\040\000r\000\351\000-\000e\000n\000t\000r\000a\000\356\000n\000e\000m\000e\000n\000t}{section.4.6}% 70
\BOOKMARK [-1][]{Item.32}{\376\377\000I\000n\000c\000r\000\351\000m\000e\000n\000t\000\040\0002\000\040\000:\000\040\000R\000\351\000a\000l\000i\000s\000a\000t\000i\000o\000n\000\040\000d\000u\000\040\000S\000y\000s\000t\000\350\000m\000e\000\040\000e\000K\000Y\000C}{}% 71
\BOOKMARK [0][]{chapter.5}{\376\377\0005\000\040\000C\000o\000n\000c\000e\000p\000t\000i\000o\000n\000\040\000d\000u\000\040\000S\000y\000s\000t\000\350\000m\000e}{Item.32}% 72
\BOOKMARK [1][]{section.5.1}{\376\377\0005\000.\0001\000\040\000D\000i\000a\000g\000r\000a\000m\000m\000e\000\040\000d\000e\000\040\000c\000l\000a\000s\000s\000e\000s}{chapter.5}% 73
\BOOKMARK [2][]{subsection.5.1.1}{\376\377\0005\000.\0001\000.\0001\000\040\000M\0001\000\040\040\024\000\040\000U\000t\000i\000l\000i\000s\000a\000t\000e\000u\000r\000s\000\040\000e\000t\000\040\000a\000u\000t\000h\000e\000n\000t\000i\000f\000i\000c\000a\000t\000i\000o\000n}{section.5.1}% 74
\BOOKMARK [2][]{subsection.5.1.2}{\376\377\0005\000.\0001\000.\0002\000\040\000M\0002\000\040\040\024\000\040\000D\000o\000s\000s\000i\000e\000r\000\040\000K\000Y\000C}{section.5.1}% 75
\BOOKMARK [2][]{subsection.5.1.3}{\376\377\0005\000.\0001\000.\0003\000\040\000M\0003\000\040\040\024\000\040\000P\000i\000p\000e\000l\000i\000n\000e\000\040\000O\000C\000R}{section.5.1}% 76
\BOOKMARK [2][]{subsection.5.1.4}{\376\377\0005\000.\0001\000.\0004\000\040\000M\0004\000\040\040\024\000\040\000S\000c\000r\000e\000e\000n\000i\000n\000g\000\040\000A\000M\000L}{section.5.1}% 77
\BOOKMARK [1][]{section.5.2}{\376\377\0005\000.\0002\000\040\000D\000i\000a\000g\000r\000a\000m\000m\000e\000\040\000d\000'\000a\000c\000t\000i\000v\000i\000t\000\351}{chapter.5}% 78
\BOOKMARK [1][]{section.5.3}{\376\377\0005\000.\0003\000\040\000D\000i\000a\000g\000r\000a\000m\000m\000e\000\040\000d\000e\000\040\000s\000\351\000q\000u\000e\000n\000c\000e}{chapter.5}% 79
\BOOKMARK [0][]{chapter.6}{\376\377\0006\000\040\000R\000\351\000a\000l\000i\000s\000a\000t\000i\000o\000n\000\040\000e\000t\000\040\000D\000\351\000p\000l\000o\000i\000e\000m\000e\000n\000t}{Item.32}% 80
\BOOKMARK [1][]{section.6.1}{\376\377\0006\000.\0001\000\040\000E\000n\000v\000i\000r\000o\000n\000n\000e\000m\000e\000n\000t\000\040\000e\000t\000\040\000o\000u\000t\000i\000l\000s\000\040\000d\000e\000\040\000d\000\351\000v\000e\000l\000o\000p\000p\000e\000m\000e\000n\000t}{chapter.6}% 81
\BOOKMARK [2][]{subsection.6.1.1}{\376\377\0006\000.\0001\000.\0001\000\040\000E\000n\000v\000i\000r\000o\000n\000n\000e\000m\000e\000n\000t\000\040\000d\000e\000\040\000d\000\351\000v\000e\000l\000o\000p\000p\000e\000m\000e\000n\000t}{section.6.1}% 82
\BOOKMARK [2][]{subsection.6.1.2}{\376\377\0006\000.\0001\000.\0002\000\040\000O\000u\000t\000i\000l\000s\000\040\000d\000e\000\040\000d\000\351\000v\000e\000l\000o\000p\000p\000e\000m\000e\000n\000t}{section.6.1}% 83
\BOOKMARK [2][]{subsection.6.1.3}{\376\377\0006\000.\0001\000.\0003\000\040\000B\000i\000b\000l\000i\000o\000t\000h\000\350\000q\000u\000e\000s\000\040\000e\000t\000\040\000f\000r\000a\000m\000e\000w\000o\000r\000k\000s}{section.6.1}% 84
\BOOKMARK [2][]{subsection.6.1.4}{\376\377\0006\000.\0001\000.\0004\000\040\000G\000e\000s\000t\000i\000o\000n\000\040\000d\000u\000\040\000p\000r\000o\000j\000e\000t}{section.6.1}% 85
\BOOKMARK [1][]{section.6.2}{\376\377\0006\000.\0002\000\040\000I\000n\000f\000r\000a\000s\000t\000r\000u\000c\000t\000u\000r\000e\000\040\000a\000p\000p\000l\000i\000c\000a\000t\000i\000v\000e}{chapter.6}% 86
\BOOKMARK [2][]{subsection.6.2.1}{\376\377\0006\000.\0002\000.\0001\000\040\000A\000r\000c\000h\000i\000t\000e\000c\000t\000u\000r\000e\000\040\000g\000l\000o\000b\000a\000l\000e\000\040\000d\000e\000\040\000l\000a\000\040\000p\000l\000a\000t\000e\000f\000o\000r\000m\000e}{section.6.2}% 87
\BOOKMARK [2][]{subsection.6.2.2}{\376\377\0006\000.\0002\000.\0002\000\040\000A\000P\000I\000\040\000R\000E\000S\000T\000\040\040\024\000\040\000E\000n\000d\000p\000o\000i\000n\000t\000s\000\040\000p\000r\000i\000n\000c\000i\000p\000a\000u\000x}{section.6.2}% 88
\BOOKMARK [2][]{subsection.6.2.3}{\376\377\0006\000.\0002\000.\0003\000\040\000P\000e\000r\000s\000i\000s\000t\000a\000n\000c\000e\000\040\000e\000t\000\040\000s\000t\000o\000c\000k\000a\000g\000e}{section.6.2}% 89
\BOOKMARK [1][]{section.6.3}{\376\377\0006\000.\0003\000\040\000I\000n\000t\000\351\000g\000r\000a\000t\000i\000o\000n\000\040\000d\000e\000s\000\040\000s\000e\000r\000v\000i\000c\000e\000s\000\040\000I\000A}{chapter.6}% 90
\BOOKMARK [2][]{subsection.6.3.1}{\376\377\0006\000.\0003\000.\0001\000\040\000D\000e\000\040\000d\000e\000u\000x\000\040\000i\000n\000c\000r\000\351\000m\000e\000n\000t\000s\000\040\000\340\000\040\000u\000n\000\040\000s\000y\000s\000t\000\350\000m\000e\000\040\000u\000n\000i\000f\000i\000\351}{section.6.3}% 91
\BOOKMARK [2][]{subsection.6.3.2}{\376\377\0006\000.\0003\000.\0002\000\040\000C\000o\000m\000m\000u\000n\000i\000c\000a\000t\000i\000o\000n\000\040\000e\000n\000t\000r\000e\000\040\000l\000e\000s\000\040\000c\000o\000u\000c\000h\000e\000s}{section.6.3}% 92
\BOOKMARK [1][]{section.6.4}{\376\377\0006\000.\0004\000\040\000I\000n\000t\000e\000r\000f\000a\000c\000e\000\040\000c\000l\000i\000e\000n\000t}{chapter.6}% 93
\BOOKMARK [2][]{subsection.6.4.1}{\376\377\0006\000.\0004\000.\0001\000\040\000M\000o\000d\000u\000l\000e\000\040\000A\000u\000t\000h\000e\000n\000t\000i\000f\000i\000c\000a\000t\000i\000o\000n}{section.6.4}% 94
\BOOKMARK [2][]{subsection.6.4.2}{\376\377\0006\000.\0004\000.\0002\000\040\000M\000o\000d\000u\000l\000e\000\040\000A\000c\000c\000u\000e\000i\000l\000\040\000e\000t\000\040\000N\000a\000v\000i\000g\000a\000t\000i\000o\000n}{section.6.4}% 95
\BOOKMARK [2][]{subsection.6.4.3}{\376\377\0006\000.\0004\000.\0003\000\040\000M\000o\000d\000u\000l\000e\000\040\000O\000u\000v\000e\000r\000t\000u\000r\000e\000\040\000d\000e\000\040\000C\000o\000m\000p\000t\000e\000\040\000K\000Y\000C}{section.6.4}% 96
\BOOKMARK [2][]{subsection.6.4.4}{\376\377\0006\000.\0004\000.\0004\000\040\000M\000o\000d\000u\000l\000e\000\040\000S\000e\000r\000v\000i\000c\000e\000s\000\040\000B\000a\000n\000c\000a\000i\000r\000e\000s}{section.6.4}% 97
\BOOKMARK [2][]{subsection.6.4.5}{\376\377\0006\000.\0004\000.\0005\000\040\000M\000o\000d\000u\000l\000e\000\040\000D\000e\000m\000a\000n\000d\000e\000\040\000d\000e\000\040\000C\000r\000\351\000d\000i\000t}{section.6.4}% 98
\BOOKMARK [1][]{section.6.5}{\376\377\0006\000.\0005\000\040\000I\000n\000t\000e\000r\000f\000a\000c\000e\000\040\000a\000d\000m\000i\000n\000i\000s\000t\000r\000a\000t\000e\000u\000r}{chapter.6}% 99
\BOOKMARK [2][]{subsection.6.5.1}{\376\377\0006\000.\0005\000.\0001\000\040\000A\000u\000t\000h\000e\000n\000t\000i\000f\000i\000c\000a\000t\000i\000o\000n\000\040\000a\000d\000m\000i\000n\000i\000s\000t\000r\000a\000t\000e\000u\000r}{section.6.5}% 100
\BOOKMARK [2][]{subsection.6.5.2}{\376\377\0006\000.\0005\000.\0002\000\040\000T\000a\000b\000l\000e\000a\000u\000\040\000d\000e\000\040\000b\000o\000r\000d}{section.6.5}% 101
\BOOKMARK [2][]{subsection.6.5.3}{\376\377\0006\000.\0005\000.\0003\000\040\000F\000i\000l\000e\000\040\000i\000n\000t\000e\000l\000l\000i\000g\000e\000n\000t\000e}{section.6.5}% 102
\BOOKMARK [2][]{subsection.6.5.4}{\376\377\0006\000.\0005\000.\0004\000\040\000I\000n\000t\000e\000r\000f\000a\000c\000e\000\040\000d\000e\000\040\000r\000e\000v\000u\000e\000\040\000d\000e\000s\000\040\000d\000o\000s\000s\000i\000e\000r\000s}{section.6.5}% 103
\BOOKMARK [2][]{subsection.6.5.5}{\376\377\0006\000.\0005\000.\0005\000\040\000A\000l\000e\000r\000t\000e\000s\000\040\000e\000t\000\040\000f\000i\000l\000t\000r\000a\000g\000e\000\040\000A\000M\000L}{section.6.5}% 104
\BOOKMARK [2][]{subsection.6.5.6}{\376\377\0006\000.\0005\000.\0006\000\040\000I\000n\000t\000e\000r\000f\000a\000c\000e\000\040\000d\000e\000\040\000d\000\351\000c\000i\000s\000i\000o\000n\000\040\000f\000i\000n\000a\000l\000e}{section.6.5}% 105
\BOOKMARK [2][]{subsection.6.5.7}{\376\377\0006\000.\0005\000.\0007\000\040\000S\000u\000p\000e\000r\000v\000i\000s\000i\000o\000n\000\040\000I\000A}{section.6.5}% 106
\BOOKMARK [2][]{subsection.6.5.8}{\376\377\0006\000.\0005\000.\0008\000\040\000J\000o\000u\000r\000n\000a\000u\000x\000\040\000d\000'\000a\000u\000d\000i\000t}{section.6.5}% 107
\BOOKMARK [0][]{figure.caption.65}{\376\377\000C\000o\000n\000c\000l\000u\000s\000i\000o\000n\000\040\000G\000\351\000n\000\351\000r\000a\000l\000e}{Item.32}% 108
